Removed Member From Class: ClassName=PowerScheme Member=U1
Change Component Designator: OldDesignator=C? NewDesignator=C7
Change Component Designator: OldDesignator=C? NewDesignator=C8
Change Component Designator: OldDesignator=C? NewDesignator=C9
Change Component Designator: OldDesignator=D? NewDesignator=D2
Change Component Designator: OldDesignator=R? NewDesignator=R5
Change Component Designator: OldDesignator=U? NewDesignator=U4
Change Component Designator: OldDesignator=U? NewDesignator=U6
Change Component Designator: OldDesignator=U? NewDesignator=U7
Added Pin To Net: NetName=CS Pin=U1-5
Added Pin To Net: NetName=SCL Pin=U1-24
Added Pin To Net: NetName=SDA Pin=U1-25
Change Net Name : Old Net Name=NetD?_2 New Net Name=NetD2_2
Added Pin To Net: NetName=GPIO7 Pin=U1-7
Added Net: Name=GPIO7
Added Pin To Net: NetName=GPIO15 Pin=U1-8
Added Net: Name=GPIO15
Added Member To Class: ClassName=PowerScheme Member=Component C7 Capacitor 100 nF +/-10% 50 V 0603
Added Member To Class: ClassName=PowerScheme Member=Component C9 Capacitor 100 nF +/-10% 50 V 0603
Added Member To Class: ClassName=PowerScheme Member=Component J? USB4105-GF-A
Added Member To Class: ClassName=PowerScheme Member=Component J? 691210910002
Added Member To Class: ClassName=TVC Flight Computer Member=Component SW 147873-1
Added Member To Class: ClassName=PowerScheme Member=Component U4 TPS7B8633BQDDARQ1
Added Member To Class: ClassName=PowerScheme Member=Component U6 LDL1117S50R
Added Member To Class: ClassName=PowerScheme Member=Component U7 SP8K2TB
