Added Component: Designator=R?(TRANS_RSH065N_ROM)
Add component (AddParameter): Name = "Component Type"; Value = "Standard"; VariantName = "[No Variations]"
Add component (AddParameter): Name = "Design Item ID"; Value = "SP8K2TB"; VariantName = "[No Variations]"
Add component (AddParameter): Name = "Digi-Key_Part_Number_1"; Value = "SP8K2TBCT-ND"; VariantName = "[No Variations]"
Add component (AddParameter): Name = "Digi-Key_Part_Number_2"; Value = "SP8K2TBDKR-ND"; VariantName = "[No Variations]"
Add component (AddParameter): Name = "Digi-Key_Part_Number_3"; Value = "SP8K2TBTR-ND"; VariantName = "[No Variations]"
Add component (AddParameter): Name = "Mfr_Name"; Value = "ROHM Semiconductor"; VariantName = "[No Variations]"
Add component (AddParameter): Name = "Pins"; Value = "8"; VariantName = "[No Variations]"
Add component (AddParameter): Name = "RefDes"; Value = "RefDes"; VariantName = "[No Variations]"
Add component (AddParameter): Name = "Source"; Value = "SP8K2TB.SchLib"; VariantName = "[No Variations]"
Add component (AddParameter): Name = "Type"; Value = "Type"; VariantName = "[No Variations]"
Added Pin To Net: NetName=VCC Pin=B?-1
Added Pin To Net: NetName=GND Pin=B?-5
Added Pin To Net: NetName=+5 Pin=B?-8
Added Pin To Net: NetName=GND Pin=B?-9
Added Pin To Net: NetName=+5 Pin=J?-1
Added Pin To Net: NetName=GND Pin=J?-2
Added Pin To Net: NetName=GND Pin=L?-4
Added Pin To Net: NetName=VCC Pin=L?-8
Added Pin To Net: NetName=VCC Pin=U-3
Added Pin To Net: NetName=GND Pin=U-4
Added Pin To Net: NetName=GND Pin=U-6
Added Pin To Net: NetName=VCC Pin=U-11
Added Pin To Net: NetName=VCC Pin=U?-1
Added Pin To Net: NetName=GND Pin=U?-3
Added Member To Class: ClassName=TVC Flight Computer Member=Component J? 282834-2
Added Member To Class: ClassName=TVC Flight Computer Member=Component J? USB4105-GF-A
Added Member To Class: ClassName=TVC Flight Computer Member=Component R? SP8K2TB
Added Member To Class: ClassName=TVC Flight Computer Member=Component R? Resistor 10k +/-1% 0603 100 mW
Added Member To Class: ClassName=TVC Flight Computer Member=Component R? Resistor 10k +/-1% 0603 100 mW
Added Member To Class: ClassName=TVC Flight Computer Member=Component SW 147873-1
Added Member To Class: ClassName=TVC Flight Computer Member=Component U? ESP32-S3-WROOM-2-N32R8V
