2026-01-24 13:38:56,175 [WARN] IpParametersView:155 - Warning: This peripheral hasn't parameters
2026-01-24 13:38:56,214 [WARN] IpParametersView:155 - Warning: This peripheral hasn't parameters
2026-01-24 13:38:56,387 [WARN] IP:2250 - TX_APP_CREATION not found: check if there is a RefParameter without a condition.
2026-01-24 13:38:56,387 [WARN] IP:2250 - TX_APP_THREAD_ENTRY not found: check if there is a RefParameter without a condition.
2026-01-24 13:38:56,387 [WARN] IP:2250 - TX_APP_THREAD_NAME not found: check if there is a RefParameter without a condition.
2026-01-24 13:38:56,387 [WARN] IP:2250 - TX_APP_THREAD_PRIO not found: check if there is a RefParameter without a condition.
2026-01-24 13:38:56,388 [WARN] IP:2250 - TX_APP_STACK_SIZE not found: check if there is a RefParameter without a condition.
2026-01-24 13:38:56,388 [WARN] IP:2250 - TX_APP_SEM_CREATION not found: check if there is a RefParameter without a condition.
2026-01-24 13:38:56,388 [WARN] IP:2250 - TX_SEMAPHORE_NAME not found: check if there is a RefParameter without a condition.
2026-01-24 13:38:56,389 [WARN] IP:2250 - TX_SEMAPHORE_COUNT not found: check if there is a RefParameter without a condition.
2026-01-24 13:38:56,389 [WARN] IP:2250 - TX_APP_MUTEX_CREATION not found: check if there is a RefParameter without a condition.
2026-01-24 13:38:56,389 [WARN] IP:2250 - TX_MUTEX_NAME not found: check if there is a RefParameter without a condition.
2026-01-24 13:38:56,389 [WARN] IP:2250 - TX_MUTEX_INHERITANCE not found: check if there is a RefParameter without a condition.
2026-01-24 13:38:56,389 [WARN] IP:2250 - TX_APP_MSG_QUEUE_CREATION not found: check if there is a RefParameter without a condition.
2026-01-24 13:38:56,389 [WARN] IP:2250 - TX_MSG_QUEUE_NAME not found: check if there is a RefParameter without a condition.
2026-01-24 13:38:56,390 [WARN] IP:2250 - TX_MSG_SIZE_WORDS not found: check if there is a RefParameter without a condition.
2026-01-24 13:38:56,390 [WARN] IP:2250 - TX_NB_MSG not found: check if there is a RefParameter without a condition.
2026-01-24 13:38:56,390 [WARN] IP:2250 - TX_BASEPRI_VALUE not found: check if there is a RefParameter without a condition.
2026-01-24 13:38:56,390 [WARN] IP:2250 - TX_PORT_BASEPRI_VALUE not found: check if there is a RefParameter without a condition.
2026-01-24 13:38:56,759 [WARN] IP:2250 - REG_UX_DEVICE_HID_MOUSE not found: check if there is a RefParameter without a condition.
2026-01-24 13:38:56,759 [WARN] IP:2250 - REG_UX_DEVICE_HID_KEYBOARD not found: check if there is a RefParameter without a condition.
2026-01-24 13:38:56,759 [WARN] IP:2250 - REG_UX_DEVICE_HID_CUSTOM not found: check if there is a RefParameter without a condition.
2026-01-24 13:38:56,759 [WARN] IP:2250 - REG_UX_DEVICE_STORAGE not found: check if there is a RefParameter without a condition.
2026-01-24 13:38:56,760 [WARN] IP:2250 - REG_UX_DEVICE_CDC_ECM not found: check if there is a RefParameter without a condition.
2026-01-24 13:38:56,760 [WARN] IP:2250 - REG_UX_DEVICE_DFU not found: check if there is a RefParameter without a condition.
2026-01-24 13:38:56,760 [WARN] IP:2250 - REG_UX_DEVICE_RNDIS not found: check if there is a RefParameter without a condition.
2026-01-24 13:38:56,760 [WARN] IP:2250 - REG_UX_DEVICE_PIMA_MTP not found: check if there is a RefParameter without a condition.
2026-01-24 13:38:56,760 [WARN] IP:2250 - REG_UX_DEVICE_VIDEO not found: check if there is a RefParameter without a condition.
2026-01-24 13:38:56,760 [WARN] IP:2250 - REG_UX_DEVICE_CCID not found: check if there is a RefParameter without a condition.
2026-01-24 13:38:56,761 [WARN] IP:2250 - REG_UX_DEVICE_PRINTER not found: check if there is a RefParameter without a condition.
2026-01-24 13:38:56,763 [WARN] IP:2250 - REG_UX_DEVICE_HID_MOUSE not found: check if there is a RefParameter without a condition.
2026-01-24 13:38:56,764 [WARN] IP:2250 - REG_UX_DEVICE_HID_KEYBOARD not found: check if there is a RefParameter without a condition.
2026-01-24 13:38:56,764 [WARN] IP:2250 - REG_UX_DEVICE_HID_CUSTOM not found: check if there is a RefParameter without a condition.
2026-01-24 13:38:56,764 [WARN] IP:2250 - REG_UX_DEVICE_STORAGE not found: check if there is a RefParameter without a condition.
2026-01-24 13:38:56,764 [WARN] IP:2250 - REG_UX_DEVICE_CDC_ECM not found: check if there is a RefParameter without a condition.
2026-01-24 13:38:56,764 [WARN] IP:2250 - REG_UX_DEVICE_DFU not found: check if there is a RefParameter without a condition.
2026-01-24 13:38:56,764 [WARN] IP:2250 - REG_UX_DEVICE_RNDIS not found: check if there is a RefParameter without a condition.
2026-01-24 13:38:56,764 [WARN] IP:2250 - REG_UX_DEVICE_PIMA_MTP not found: check if there is a RefParameter without a condition.
2026-01-24 13:38:56,765 [WARN] IP:2250 - REG_UX_DEVICE_VIDEO not found: check if there is a RefParameter without a condition.
2026-01-24 13:38:56,765 [WARN] IP:2250 - REG_UX_DEVICE_CCID not found: check if there is a RefParameter without a condition.
2026-01-24 13:38:56,765 [WARN] IP:2250 - REG_UX_DEVICE_PRINTER not found: check if there is a RefParameter without a condition.
2026-01-24 13:38:56,783 [ERROR] LogOutputStream:75 - [STDERR_REDIRECT] [Fatal Error] :1:1: Premature end of file.
2026-01-24 13:38:56,783 [ERROR] LogOutputStream:75 - [STDERR_REDIRECT] 
2026-01-24 13:38:56,891 [WARN] IP:2250 - TX_APP_CREATION not found: check if there is a RefParameter without a condition.
2026-01-24 13:38:56,891 [WARN] IP:2250 - TX_APP_THREAD_ENTRY not found: check if there is a RefParameter without a condition.
2026-01-24 13:38:56,891 [WARN] IP:2250 - TX_APP_THREAD_NAME not found: check if there is a RefParameter without a condition.
2026-01-24 13:38:56,891 [WARN] IP:2250 - TX_APP_THREAD_PRIO not found: check if there is a RefParameter without a condition.
2026-01-24 13:38:56,891 [WARN] IP:2250 - TX_APP_STACK_SIZE not found: check if there is a RefParameter without a condition.
2026-01-24 13:38:56,891 [WARN] IP:2250 - TX_APP_SEM_CREATION not found: check if there is a RefParameter without a condition.
2026-01-24 13:38:56,892 [WARN] IP:2250 - TX_SEMAPHORE_NAME not found: check if there is a RefParameter without a condition.
2026-01-24 13:38:56,892 [WARN] IP:2250 - TX_SEMAPHORE_COUNT not found: check if there is a RefParameter without a condition.
2026-01-24 13:38:56,892 [WARN] IP:2250 - TX_APP_MUTEX_CREATION not found: check if there is a RefParameter without a condition.
2026-01-24 13:38:56,892 [WARN] IP:2250 - TX_MUTEX_NAME not found: check if there is a RefParameter without a condition.
2026-01-24 13:38:56,892 [WARN] IP:2250 - TX_MUTEX_INHERITANCE not found: check if there is a RefParameter without a condition.
2026-01-24 13:38:56,892 [WARN] IP:2250 - TX_APP_MSG_QUEUE_CREATION not found: check if there is a RefParameter without a condition.
2026-01-24 13:38:56,892 [WARN] IP:2250 - TX_MSG_QUEUE_NAME not found: check if there is a RefParameter without a condition.
2026-01-24 13:38:56,892 [WARN] IP:2250 - TX_MSG_SIZE_WORDS not found: check if there is a RefParameter without a condition.
2026-01-24 13:38:56,892 [WARN] IP:2250 - TX_NB_MSG not found: check if there is a RefParameter without a condition.
2026-01-24 13:38:56,892 [WARN] IP:2250 - TX_BASEPRI_VALUE not found: check if there is a RefParameter without a condition.
2026-01-24 13:38:56,892 [WARN] IP:2250 - TX_PORT_BASEPRI_VALUE not found: check if there is a RefParameter without a condition.
2026-01-24 13:38:57,162 [WARN] IP:2250 - REG_UX_DEVICE_HID_MOUSE not found: check if there is a RefParameter without a condition.
2026-01-24 13:38:57,162 [WARN] IP:2250 - REG_UX_DEVICE_HID_KEYBOARD not found: check if there is a RefParameter without a condition.
2026-01-24 13:38:57,163 [WARN] IP:2250 - REG_UX_DEVICE_HID_CUSTOM not found: check if there is a RefParameter without a condition.
2026-01-24 13:38:57,163 [WARN] IP:2250 - REG_UX_DEVICE_STORAGE not found: check if there is a RefParameter without a condition.
2026-01-24 13:38:57,163 [WARN] IP:2250 - REG_UX_DEVICE_CDC_ECM not found: check if there is a RefParameter without a condition.
2026-01-24 13:38:57,163 [WARN] IP:2250 - REG_UX_DEVICE_DFU not found: check if there is a RefParameter without a condition.
2026-01-24 13:38:57,163 [WARN] IP:2250 - REG_UX_DEVICE_RNDIS not found: check if there is a RefParameter without a condition.
2026-01-24 13:38:57,163 [WARN] IP:2250 - REG_UX_DEVICE_PIMA_MTP not found: check if there is a RefParameter without a condition.
2026-01-24 13:38:57,163 [WARN] IP:2250 - REG_UX_DEVICE_VIDEO not found: check if there is a RefParameter without a condition.
2026-01-24 13:38:57,163 [WARN] IP:2250 - REG_UX_DEVICE_CCID not found: check if there is a RefParameter without a condition.
2026-01-24 13:38:57,164 [WARN] IP:2250 - REG_UX_DEVICE_PRINTER not found: check if there is a RefParameter without a condition.
2026-01-24 13:38:57,255 [WARN] IP:2250 - TX_APP_CREATION not found: check if there is a RefParameter without a condition.
2026-01-24 13:38:57,255 [WARN] IP:2250 - TX_APP_THREAD_ENTRY not found: check if there is a RefParameter without a condition.
2026-01-24 13:38:57,255 [WARN] IP:2250 - TX_APP_THREAD_NAME not found: check if there is a RefParameter without a condition.
2026-01-24 13:38:57,256 [WARN] IP:2250 - TX_APP_THREAD_PRIO not found: check if there is a RefParameter without a condition.
2026-01-24 13:38:57,256 [WARN] IP:2250 - TX_APP_STACK_SIZE not found: check if there is a RefParameter without a condition.
2026-01-24 13:38:57,256 [WARN] IP:2250 - TX_APP_SEM_CREATION not found: check if there is a RefParameter without a condition.
2026-01-24 13:38:57,256 [WARN] IP:2250 - TX_SEMAPHORE_NAME not found: check if there is a RefParameter without a condition.
2026-01-24 13:38:57,256 [WARN] IP:2250 - TX_SEMAPHORE_COUNT not found: check if there is a RefParameter without a condition.
2026-01-24 13:38:57,256 [WARN] IP:2250 - TX_APP_MUTEX_CREATION not found: check if there is a RefParameter without a condition.
2026-01-24 13:38:57,256 [WARN] IP:2250 - TX_MUTEX_NAME not found: check if there is a RefParameter without a condition.
2026-01-24 13:38:57,256 [WARN] IP:2250 - TX_MUTEX_INHERITANCE not found: check if there is a RefParameter without a condition.
2026-01-24 13:38:57,256 [WARN] IP:2250 - TX_APP_MSG_QUEUE_CREATION not found: check if there is a RefParameter without a condition.
2026-01-24 13:38:57,256 [WARN] IP:2250 - TX_MSG_QUEUE_NAME not found: check if there is a RefParameter without a condition.
2026-01-24 13:38:57,257 [WARN] IP:2250 - TX_MSG_SIZE_WORDS not found: check if there is a RefParameter without a condition.
2026-01-24 13:38:57,257 [WARN] IP:2250 - TX_NB_MSG not found: check if there is a RefParameter without a condition.
2026-01-24 13:38:57,257 [WARN] IP:2250 - TX_BASEPRI_VALUE not found: check if there is a RefParameter without a condition.
2026-01-24 13:38:57,257 [WARN] IP:2250 - TX_PORT_BASEPRI_VALUE not found: check if there is a RefParameter without a condition.
2026-01-24 13:38:57,528 [WARN] IP:2250 - REG_UX_DEVICE_HID_MOUSE not found: check if there is a RefParameter without a condition.
2026-01-24 13:38:57,529 [WARN] IP:2250 - REG_UX_DEVICE_HID_KEYBOARD not found: check if there is a RefParameter without a condition.
2026-01-24 13:38:57,529 [WARN] IP:2250 - REG_UX_DEVICE_HID_CUSTOM not found: check if there is a RefParameter without a condition.
2026-01-24 13:38:57,529 [WARN] IP:2250 - REG_UX_DEVICE_STORAGE not found: check if there is a RefParameter without a condition.
2026-01-24 13:38:57,529 [WARN] IP:2250 - REG_UX_DEVICE_CDC_ECM not found: check if there is a RefParameter without a condition.
2026-01-24 13:38:57,530 [WARN] IP:2250 - REG_UX_DEVICE_DFU not found: check if there is a RefParameter without a condition.
2026-01-24 13:38:57,530 [WARN] IP:2250 - REG_UX_DEVICE_RNDIS not found: check if there is a RefParameter without a condition.
2026-01-24 13:38:57,530 [WARN] IP:2250 - REG_UX_DEVICE_PIMA_MTP not found: check if there is a RefParameter without a condition.
2026-01-24 13:38:57,530 [WARN] IP:2250 - REG_UX_DEVICE_VIDEO not found: check if there is a RefParameter without a condition.
2026-01-24 13:38:57,530 [WARN] IP:2250 - REG_UX_DEVICE_CCID not found: check if there is a RefParameter without a condition.
2026-01-24 13:38:57,530 [WARN] IP:2250 - REG_UX_DEVICE_PRINTER not found: check if there is a RefParameter without a condition.
2026-01-24 13:38:57,651 [WARN] IpParametersView:155 - Warning: This peripheral hasn't parameters
2026-01-24 13:38:57,659 [WARN] IpParametersView:155 - Warning: This peripheral hasn't parameters
2026-01-24 13:38:57,796 [ERROR] LogOutputStream:75 - [STDERR_REDIRECT] [Fatal Error] :1:1: Premature end of file.
2026-01-24 13:38:57,796 [ERROR] LogOutputStream:75 - [STDERR_REDIRECT] 
2026-01-24 13:38:58,785 [ERROR] LogOutputStream:75 - [STDERR_REDIRECT] [Fatal Error] :1:1: Premature end of file.
2026-01-24 13:38:58,785 [ERROR] LogOutputStream:75 - [STDERR_REDIRECT] 
2026-01-24 13:38:59,830 [ERROR] LogOutputStream:75 - [STDERR_REDIRECT] [Fatal Error] :1:1: Premature end of file.
2026-01-24 13:38:59,830 [ERROR] LogOutputStream:75 - [STDERR_REDIRECT] 
2026-01-24 13:39:00,788 [ERROR] LogOutputStream:75 - [STDERR_REDIRECT] [Fatal Error] :1:1: Premature end of file.
2026-01-24 13:39:00,788 [ERROR] LogOutputStream:75 - [STDERR_REDIRECT] 
2026-01-24 13:39:01,790 [ERROR] LogOutputStream:75 - [STDERR_REDIRECT] [Fatal Error] :1:1: Premature end of file.
2026-01-24 13:39:01,790 [ERROR] LogOutputStream:75 - [STDERR_REDIRECT] 
2026-01-24 13:39:02,721 [INFO] ParamManager:896 - [Generic UI] PropertyChangeEvent: TAB_STATUS_CHANGED , "dont care", "never mind"
2026-01-24 13:39:02,845 [ERROR] LogOutputStream:75 - [STDERR_REDIRECT] [Fatal Error] :1:1: Premature end of file.
2026-01-24 13:39:02,845 [ERROR] LogOutputStream:75 - [STDERR_REDIRECT] 
2026-01-24 13:39:02,883 [WARN] IpParametersView:155 - Warning: This peripheral hasn't parameters
2026-01-24 13:39:02,899 [WARN] IpParametersView:155 - Warning: This peripheral hasn't parameters
2026-01-24 13:39:02,997 [INFO] ParamManager:896 - [Generic UI] PropertyChangeEvent: TAB_STATUS_CHANGED , "dont care", "never mind"
2026-01-24 13:39:03,293 [WARN] IpParametersView:155 - Warning: This peripheral hasn't parameters
2026-01-24 13:39:03,303 [WARN] IpParametersView:155 - Warning: This peripheral hasn't parameters
2026-01-24 13:39:03,785 [ERROR] LogOutputStream:75 - [STDERR_REDIRECT] [Fatal Error] :1:1: Premature end of file.
2026-01-24 13:39:03,785 [ERROR] LogOutputStream:75 - [STDERR_REDIRECT] 
2026-01-24 13:39:04,779 [ERROR] LogOutputStream:75 - [STDERR_REDIRECT] [Fatal Error] :1:1: Premature end of file.
2026-01-24 13:39:04,779 [ERROR] LogOutputStream:75 - [STDERR_REDIRECT] 
2026-01-24 13:39:05,779 [ERROR] LogOutputStream:75 - [STDERR_REDIRECT] [Fatal Error] :1:1: Premature end of file.
2026-01-24 13:39:05,780 [ERROR] LogOutputStream:75 - [STDERR_REDIRECT] 
2026-01-24 13:39:06,783 [ERROR] LogOutputStream:75 - [STDERR_REDIRECT] [Fatal Error] :1:1: Premature end of file.
2026-01-24 13:39:06,784 [ERROR] LogOutputStream:75 - [STDERR_REDIRECT] 
2026-01-24 13:39:07,781 [ERROR] LogOutputStream:75 - [STDERR_REDIRECT] [Fatal Error] :1:1: Premature end of file.
2026-01-24 13:39:07,781 [ERROR] LogOutputStream:75 - [STDERR_REDIRECT] 
2026-01-24 13:39:08,809 [ERROR] LogOutputStream:75 - [STDERR_REDIRECT] [Fatal Error] :1:1: Premature end of file.
2026-01-24 13:39:08,809 [ERROR] LogOutputStream:75 - [STDERR_REDIRECT] 
2026-01-24 13:39:09,985 [INFO] I2cTimingTraitement:330 - 0x00303D5B
2026-01-24 13:39:10,265 [ERROR] LogOutputStream:75 - [STDERR_REDIRECT] [Fatal Error] :1:1: Premature end of file.
2026-01-24 13:39:10,265 [ERROR] LogOutputStream:75 - [STDERR_REDIRECT] 
2026-01-24 13:39:11,267 [ERROR] LogOutputStream:75 - [STDERR_REDIRECT] [Fatal Error] :1:1: Premature end of file.
2026-01-24 13:39:11,267 [ERROR] LogOutputStream:75 - [STDERR_REDIRECT] 
2026-01-24 13:39:11,783 [ERROR] LogOutputStream:75 - [STDERR_REDIRECT] [Fatal Error] :1:1: Premature end of file.
2026-01-24 13:39:11,783 [ERROR] LogOutputStream:75 - [STDERR_REDIRECT] 
2026-01-24 13:39:12,781 [ERROR] LogOutputStream:75 - [STDERR_REDIRECT] [Fatal Error] :1:1: Premature end of file.
2026-01-24 13:39:12,781 [ERROR] LogOutputStream:75 - [STDERR_REDIRECT] 
2026-01-24 13:39:13,778 [ERROR] LogOutputStream:75 - [STDERR_REDIRECT] [Fatal Error] :1:1: Premature end of file.
2026-01-24 13:39:13,778 [ERROR] LogOutputStream:75 - [STDERR_REDIRECT] 
2026-01-24 13:39:14,789 [ERROR] LogOutputStream:75 - [STDERR_REDIRECT] [Fatal Error] :1:1: Premature end of file.
2026-01-24 13:39:14,789 [ERROR] LogOutputStream:75 - [STDERR_REDIRECT] 
2026-01-24 13:39:15,780 [ERROR] LogOutputStream:75 - [STDERR_REDIRECT] [Fatal Error] :1:1: Premature end of file.
2026-01-24 13:39:15,780 [ERROR] LogOutputStream:75 - [STDERR_REDIRECT] 
2026-01-24 13:39:16,788 [ERROR] LogOutputStream:75 - [STDERR_REDIRECT] [Fatal Error] :1:1: Premature end of file.
2026-01-24 13:39:16,788 [ERROR] LogOutputStream:75 - [STDERR_REDIRECT] 
2026-01-24 13:39:17,788 [ERROR] LogOutputStream:75 - [STDERR_REDIRECT] [Fatal Error] :1:1: Premature end of file.
2026-01-24 13:39:17,788 [ERROR] LogOutputStream:75 - [STDERR_REDIRECT] 
2026-01-24 13:39:18,776 [ERROR] LogOutputStream:75 - [STDERR_REDIRECT] [Fatal Error] :1:1: Premature end of file.
2026-01-24 13:39:18,777 [ERROR] LogOutputStream:75 - [STDERR_REDIRECT] 
2026-01-24 13:39:19,778 [ERROR] LogOutputStream:75 - [STDERR_REDIRECT] [Fatal Error] :1:1: Premature end of file.
2026-01-24 13:39:19,778 [ERROR] LogOutputStream:75 - [STDERR_REDIRECT] 
2026-01-24 13:39:20,782 [ERROR] LogOutputStream:75 - [STDERR_REDIRECT] [Fatal Error] :1:1: Premature end of file.
2026-01-24 13:39:20,782 [ERROR] LogOutputStream:75 - [STDERR_REDIRECT] 
2026-01-24 13:39:21,783 [ERROR] LogOutputStream:75 - [STDERR_REDIRECT] [Fatal Error] :1:1: Premature end of file.
2026-01-24 13:39:21,783 [ERROR] LogOutputStream:75 - [STDERR_REDIRECT] 
2026-01-24 13:39:22,785 [ERROR] LogOutputStream:75 - [STDERR_REDIRECT] [Fatal Error] :1:1: Premature end of file.
2026-01-24 13:39:22,785 [ERROR] LogOutputStream:75 - [STDERR_REDIRECT] 
2026-01-24 13:39:23,787 [ERROR] LogOutputStream:75 - [STDERR_REDIRECT] [Fatal Error] :1:1: Premature end of file.
2026-01-24 13:39:23,787 [ERROR] LogOutputStream:75 - [STDERR_REDIRECT] 
2026-01-24 13:39:24,786 [ERROR] LogOutputStream:75 - [STDERR_REDIRECT] [Fatal Error] :1:1: Premature end of file.
2026-01-24 13:39:24,786 [ERROR] LogOutputStream:75 - [STDERR_REDIRECT] 
2026-01-24 13:39:25,787 [ERROR] LogOutputStream:75 - [STDERR_REDIRECT] [Fatal Error] :1:1: Premature end of file.
2026-01-24 13:39:25,787 [ERROR] LogOutputStream:75 - [STDERR_REDIRECT] 
2026-01-24 13:39:26,785 [ERROR] LogOutputStream:75 - [STDERR_REDIRECT] [Fatal Error] :1:1: Premature end of file.
2026-01-24 13:39:26,785 [ERROR] LogOutputStream:75 - [STDERR_REDIRECT] 
2026-01-24 13:39:27,786 [ERROR] LogOutputStream:75 - [STDERR_REDIRECT] [Fatal Error] :1:1: Premature end of file.
2026-01-24 13:39:27,786 [ERROR] LogOutputStream:75 - [STDERR_REDIRECT] 
2026-01-24 13:39:28,788 [ERROR] LogOutputStream:75 - [STDERR_REDIRECT] [Fatal Error] :1:1: Premature end of file.
2026-01-24 13:39:28,788 [ERROR] LogOutputStream:75 - [STDERR_REDIRECT] 
2026-01-24 13:39:29,787 [ERROR] LogOutputStream:75 - [STDERR_REDIRECT] [Fatal Error] :1:1: Premature end of file.
2026-01-24 13:39:29,787 [ERROR] LogOutputStream:75 - [STDERR_REDIRECT] 
2026-01-24 13:39:30,781 [ERROR] LogOutputStream:75 - [STDERR_REDIRECT] [Fatal Error] :1:1: Premature end of file.
2026-01-24 13:39:30,781 [ERROR] LogOutputStream:75 - [STDERR_REDIRECT] 
2026-01-24 13:39:31,828 [ERROR] LogOutputStream:75 - [STDERR_REDIRECT] [Fatal Error] :1:1: Premature end of file.
2026-01-24 13:39:31,828 [ERROR] LogOutputStream:75 - [STDERR_REDIRECT] 
2026-01-24 13:39:32,783 [ERROR] LogOutputStream:75 - [STDERR_REDIRECT] [Fatal Error] :1:1: Premature end of file.
2026-01-24 13:39:32,783 [ERROR] LogOutputStream:75 - [STDERR_REDIRECT] 
2026-01-24 13:39:33,788 [ERROR] LogOutputStream:75 - [STDERR_REDIRECT] [Fatal Error] :1:1: Premature end of file.
2026-01-24 13:39:33,788 [ERROR] LogOutputStream:75 - [STDERR_REDIRECT] 
2026-01-24 13:39:34,788 [ERROR] LogOutputStream:75 - [STDERR_REDIRECT] [Fatal Error] :1:1: Premature end of file.
2026-01-24 13:39:34,788 [ERROR] LogOutputStream:75 - [STDERR_REDIRECT] 
2026-01-24 13:39:35,789 [ERROR] LogOutputStream:75 - [STDERR_REDIRECT] [Fatal Error] :1:1: Premature end of file.
2026-01-24 13:39:35,789 [ERROR] LogOutputStream:75 - [STDERR_REDIRECT] 
2026-01-24 13:39:36,786 [ERROR] LogOutputStream:75 - [STDERR_REDIRECT] [Fatal Error] :1:1: Premature end of file.
2026-01-24 13:39:36,786 [ERROR] LogOutputStream:75 - [STDERR_REDIRECT] 
2026-01-24 13:39:37,786 [ERROR] LogOutputStream:75 - [STDERR_REDIRECT] [Fatal Error] :1:1: Premature end of file.
2026-01-24 13:39:37,786 [ERROR] LogOutputStream:75 - [STDERR_REDIRECT] 
2026-01-24 13:39:38,783 [ERROR] LogOutputStream:75 - [STDERR_REDIRECT] [Fatal Error] :1:1: Premature end of file.
2026-01-24 13:39:38,783 [ERROR] LogOutputStream:75 - [STDERR_REDIRECT] 
2026-01-24 13:39:39,783 [ERROR] LogOutputStream:75 - [STDERR_REDIRECT] [Fatal Error] :1:1: Premature end of file.
2026-01-24 13:39:39,783 [ERROR] LogOutputStream:75 - [STDERR_REDIRECT] 
2026-01-24 13:39:40,787 [ERROR] LogOutputStream:75 - [STDERR_REDIRECT] [Fatal Error] :1:1: Premature end of file.
2026-01-24 13:39:40,787 [ERROR] LogOutputStream:75 - [STDERR_REDIRECT] 
2026-01-24 13:39:41,780 [ERROR] LogOutputStream:75 - [STDERR_REDIRECT] [Fatal Error] :1:1: Premature end of file.
2026-01-24 13:39:41,780 [ERROR] LogOutputStream:75 - [STDERR_REDIRECT] 
2026-01-24 13:39:42,789 [ERROR] LogOutputStream:75 - [STDERR_REDIRECT] [Fatal Error] :1:1: Premature end of file.
2026-01-24 13:39:42,789 [ERROR] LogOutputStream:75 - [STDERR_REDIRECT] 
2026-01-24 13:39:43,778 [ERROR] LogOutputStream:75 - [STDERR_REDIRECT] [Fatal Error] :1:1: Premature end of file.
2026-01-24 13:39:43,778 [ERROR] LogOutputStream:75 - [STDERR_REDIRECT] 
2026-01-24 13:39:44,530 [INFO] I2cTimingTraitement:330 - 0x00303D5B
2026-01-24 13:39:44,785 [ERROR] LogOutputStream:75 - [STDERR_REDIRECT] [Fatal Error] :1:1: Premature end of file.
2026-01-24 13:39:44,785 [ERROR] LogOutputStream:75 - [STDERR_REDIRECT] 
2026-01-24 13:39:45,776 [ERROR] LogOutputStream:75 - [STDERR_REDIRECT] [Fatal Error] :1:1: Premature end of file.
2026-01-24 13:39:45,776 [ERROR] LogOutputStream:75 - [STDERR_REDIRECT] 
2026-01-24 13:39:46,778 [ERROR] LogOutputStream:75 - [STDERR_REDIRECT] [Fatal Error] :1:1: Premature end of file.
2026-01-24 13:39:46,778 [ERROR] LogOutputStream:75 - [STDERR_REDIRECT] 
2026-01-24 13:39:47,779 [ERROR] LogOutputStream:75 - [STDERR_REDIRECT] [Fatal Error] :1:1: Premature end of file.
2026-01-24 13:39:47,779 [ERROR] LogOutputStream:75 - [STDERR_REDIRECT] 
2026-01-24 13:39:48,777 [ERROR] LogOutputStream:75 - [STDERR_REDIRECT] [Fatal Error] :1:1: Premature end of file.
2026-01-24 13:39:48,777 [ERROR] LogOutputStream:75 - [STDERR_REDIRECT] 
2026-01-24 13:39:49,777 [ERROR] LogOutputStream:75 - [STDERR_REDIRECT] [Fatal Error] :1:1: Premature end of file.
2026-01-24 13:39:49,777 [ERROR] LogOutputStream:75 - [STDERR_REDIRECT] 
2026-01-24 13:39:50,820 [ERROR] LogOutputStream:75 - [STDERR_REDIRECT] [Fatal Error] :1:1: Premature end of file.
2026-01-24 13:39:50,820 [ERROR] LogOutputStream:75 - [STDERR_REDIRECT] 
2026-01-24 13:39:51,783 [ERROR] LogOutputStream:75 - [STDERR_REDIRECT] [Fatal Error] :1:1: Premature end of file.
2026-01-24 13:39:51,783 [ERROR] LogOutputStream:75 - [STDERR_REDIRECT] 
2026-01-24 13:39:52,820 [ERROR] LogOutputStream:75 - [STDERR_REDIRECT] [Fatal Error] :1:1: Premature end of file.
2026-01-24 13:39:52,820 [ERROR] LogOutputStream:75 - [STDERR_REDIRECT] 
2026-01-24 13:39:53,795 [ERROR] LogOutputStream:75 - [STDERR_REDIRECT] [Fatal Error] :1:1: Premature end of file.
2026-01-24 13:39:53,796 [ERROR] LogOutputStream:75 - [STDERR_REDIRECT] 
2026-01-24 13:39:54,780 [ERROR] LogOutputStream:75 - [STDERR_REDIRECT] [Fatal Error] :1:1: Premature end of file.
2026-01-24 13:39:54,780 [ERROR] LogOutputStream:75 - [STDERR_REDIRECT] 
2026-01-24 13:39:56,894 [ERROR] LogOutputStream:75 - [STDERR_REDIRECT] [Fatal Error] :1:1: Premature end of file.
2026-01-24 13:39:56,894 [ERROR] LogOutputStream:75 - [STDERR_REDIRECT] 
2026-01-24 13:39:57,036 [ERROR] LogOutputStream:75 - [STDERR_REDIRECT] [Fatal Error] :1:1: Premature end of file.
2026-01-24 13:39:57,036 [ERROR] LogOutputStream:75 - [STDERR_REDIRECT] 
2026-01-24 13:39:57,799 [ERROR] LogOutputStream:75 - [STDERR_REDIRECT] [Fatal Error] :1:1: Premature end of file.
2026-01-24 13:39:57,799 [ERROR] LogOutputStream:75 - [STDERR_REDIRECT] 
2026-01-24 13:39:58,799 [ERROR] LogOutputStream:75 - [STDERR_REDIRECT] [Fatal Error] :1:1: Premature end of file.
2026-01-24 13:39:58,799 [ERROR] LogOutputStream:75 - [STDERR_REDIRECT] 
2026-01-24 13:39:59,782 [ERROR] LogOutputStream:75 - [STDERR_REDIRECT] [Fatal Error] :1:1: Premature end of file.
2026-01-24 13:39:59,782 [ERROR] LogOutputStream:75 - [STDERR_REDIRECT] 
2026-01-24 13:40:00,789 [ERROR] LogOutputStream:75 - [STDERR_REDIRECT] [Fatal Error] :1:1: Premature end of file.
2026-01-24 13:40:00,789 [ERROR] LogOutputStream:75 - [STDERR_REDIRECT] 
2026-01-24 13:40:01,777 [ERROR] LogOutputStream:75 - [STDERR_REDIRECT] [Fatal Error] :1:1: Premature end of file.
2026-01-24 13:40:01,777 [ERROR] LogOutputStream:75 - [STDERR_REDIRECT] 
2026-01-24 13:40:02,814 [ERROR] LogOutputStream:75 - [STDERR_REDIRECT] [Fatal Error] :1:1: Premature end of file.
2026-01-24 13:40:02,814 [ERROR] LogOutputStream:75 - [STDERR_REDIRECT] 
2026-01-24 13:40:03,779 [ERROR] LogOutputStream:75 - [STDERR_REDIRECT] [Fatal Error] :1:1: Premature end of file.
2026-01-24 13:40:03,779 [ERROR] LogOutputStream:75 - [STDERR_REDIRECT] 
2026-01-24 13:40:04,776 [ERROR] LogOutputStream:75 - [STDERR_REDIRECT] [Fatal Error] :1:1: Premature end of file.
2026-01-24 13:40:04,776 [ERROR] LogOutputStream:75 - [STDERR_REDIRECT] 
2026-01-24 13:40:05,775 [ERROR] LogOutputStream:75 - [STDERR_REDIRECT] [Fatal Error] :1:1: Premature end of file.
2026-01-24 13:40:05,775 [ERROR] LogOutputStream:75 - [STDERR_REDIRECT] 
2026-01-24 13:40:06,822 [ERROR] LogOutputStream:75 - [STDERR_REDIRECT] [Fatal Error] :1:1: Premature end of file.
2026-01-24 13:40:06,822 [ERROR] LogOutputStream:75 - [STDERR_REDIRECT] 
2026-01-24 13:40:07,788 [ERROR] LogOutputStream:75 - [STDERR_REDIRECT] [Fatal Error] :1:1: Premature end of file.
2026-01-24 13:40:07,788 [ERROR] LogOutputStream:75 - [STDERR_REDIRECT] 
2026-01-24 13:40:08,775 [ERROR] LogOutputStream:75 - [STDERR_REDIRECT] [Fatal Error] :1:1: Premature end of file.
2026-01-24 13:40:08,775 [ERROR] LogOutputStream:75 - [STDERR_REDIRECT] 
2026-01-24 13:40:09,775 [ERROR] LogOutputStream:75 - [STDERR_REDIRECT] [Fatal Error] :1:1: Premature end of file.
2026-01-24 13:40:09,775 [ERROR] LogOutputStream:75 - [STDERR_REDIRECT] 
2026-01-24 13:40:10,777 [ERROR] LogOutputStream:75 - [STDERR_REDIRECT] [Fatal Error] :1:1: Premature end of file.
2026-01-24 13:40:10,777 [ERROR] LogOutputStream:75 - [STDERR_REDIRECT] 
2026-01-24 13:40:11,823 [ERROR] LogOutputStream:75 - [STDERR_REDIRECT] [Fatal Error] :1:1: Premature end of file.
2026-01-24 13:40:11,823 [ERROR] LogOutputStream:75 - [STDERR_REDIRECT] 
2026-01-24 13:40:12,778 [ERROR] LogOutputStream:75 - [STDERR_REDIRECT] [Fatal Error] :1:1: Premature end of file.
2026-01-24 13:40:12,779 [ERROR] LogOutputStream:75 - [STDERR_REDIRECT] 
2026-01-24 13:40:13,779 [ERROR] LogOutputStream:75 - [STDERR_REDIRECT] [Fatal Error] :1:1: Premature end of file.
2026-01-24 13:40:13,779 [ERROR] LogOutputStream:75 - [STDERR_REDIRECT] 
2026-01-24 13:40:14,779 [ERROR] LogOutputStream:75 - [STDERR_REDIRECT] [Fatal Error] :1:1: Premature end of file.
2026-01-24 13:40:14,779 [ERROR] LogOutputStream:75 - [STDERR_REDIRECT] 
2026-01-24 13:40:15,780 [ERROR] LogOutputStream:75 - [STDERR_REDIRECT] [Fatal Error] :1:1: Premature end of file.
2026-01-24 13:40:15,780 [ERROR] LogOutputStream:75 - [STDERR_REDIRECT] 
2026-01-24 13:40:16,812 [ERROR] LogOutputStream:75 - [STDERR_REDIRECT] [Fatal Error] :1:1: Premature end of file.
2026-01-24 13:40:16,812 [ERROR] LogOutputStream:75 - [STDERR_REDIRECT] 
2026-01-24 13:40:17,819 [ERROR] LogOutputStream:75 - [STDERR_REDIRECT] [Fatal Error] :1:1: Premature end of file.
2026-01-24 13:40:17,819 [ERROR] LogOutputStream:75 - [STDERR_REDIRECT] 
2026-01-24 13:40:18,782 [ERROR] LogOutputStream:75 - [STDERR_REDIRECT] [Fatal Error] :1:1: Premature end of file.
2026-01-24 13:40:18,782 [ERROR] LogOutputStream:75 - [STDERR_REDIRECT] 
2026-01-24 13:40:19,778 [ERROR] LogOutputStream:75 - [STDERR_REDIRECT] [Fatal Error] :1:1: Premature end of file.
2026-01-24 13:40:19,778 [ERROR] LogOutputStream:75 - [STDERR_REDIRECT] 
2026-01-24 13:40:20,778 [ERROR] LogOutputStream:75 - [STDERR_REDIRECT] [Fatal Error] :1:1: Premature end of file.
2026-01-24 13:40:20,778 [ERROR] LogOutputStream:75 - [STDERR_REDIRECT] 
2026-01-24 13:40:21,797 [ERROR] LogOutputStream:75 - [STDERR_REDIRECT] [Fatal Error] :1:1: Premature end of file.
2026-01-24 13:40:21,797 [ERROR] LogOutputStream:75 - [STDERR_REDIRECT] 
2026-01-24 13:40:22,777 [ERROR] LogOutputStream:75 - [STDERR_REDIRECT] [Fatal Error] :1:1: Premature end of file.
2026-01-24 13:40:22,777 [ERROR] LogOutputStream:75 - [STDERR_REDIRECT] 
2026-01-24 13:40:23,777 [ERROR] LogOutputStream:75 - [STDERR_REDIRECT] [Fatal Error] :1:1: Premature end of file.
2026-01-24 13:40:23,777 [ERROR] LogOutputStream:75 - [STDERR_REDIRECT] 
2026-01-24 13:40:24,777 [ERROR] LogOutputStream:75 - [STDERR_REDIRECT] [Fatal Error] :1:1: Premature end of file.
2026-01-24 13:40:24,777 [ERROR] LogOutputStream:75 - [STDERR_REDIRECT] 
2026-01-24 13:40:25,788 [ERROR] LogOutputStream:75 - [STDERR_REDIRECT] [Fatal Error] :1:1: Premature end of file.
2026-01-24 13:40:25,788 [ERROR] LogOutputStream:75 - [STDERR_REDIRECT] 
2026-01-24 13:40:26,781 [ERROR] LogOutputStream:75 - [STDERR_REDIRECT] [Fatal Error] :1:1: Premature end of file.
2026-01-24 13:40:26,781 [ERROR] LogOutputStream:75 - [STDERR_REDIRECT] 
2026-01-24 13:40:27,781 [ERROR] LogOutputStream:75 - [STDERR_REDIRECT] [Fatal Error] :1:1: Premature end of file.
2026-01-24 13:40:27,781 [ERROR] LogOutputStream:75 - [STDERR_REDIRECT] 
2026-01-24 13:40:28,912 [ERROR] LogOutputStream:75 - [STDERR_REDIRECT] [Fatal Error] :1:1: Premature end of file.
2026-01-24 13:40:28,912 [ERROR] LogOutputStream:75 - [STDERR_REDIRECT] 
2026-01-24 13:40:29,881 [ERROR] LogOutputStream:75 - [STDERR_REDIRECT] [Fatal Error] :1:1: Premature end of file.
2026-01-24 13:40:29,881 [ERROR] LogOutputStream:75 - [STDERR_REDIRECT] 
2026-01-24 13:40:31,246 [ERROR] LogOutputStream:75 - [STDERR_REDIRECT] [Fatal Error] :1:1: Premature end of file.
2026-01-24 13:40:31,246 [ERROR] LogOutputStream:75 - [STDERR_REDIRECT] 
2026-01-24 13:40:32,039 [ERROR] LogOutputStream:75 - [STDERR_REDIRECT] [Fatal Error] :1:1: Premature end of file.
2026-01-24 13:40:32,039 [ERROR] LogOutputStream:75 - [STDERR_REDIRECT] 
2026-01-24 13:40:32,817 [ERROR] LogOutputStream:75 - [STDERR_REDIRECT] [Fatal Error] :1:1: Premature end of file.
2026-01-24 13:40:32,817 [ERROR] LogOutputStream:75 - [STDERR_REDIRECT] 
2026-01-24 13:40:33,839 [ERROR] LogOutputStream:75 - [STDERR_REDIRECT] [Fatal Error] :1:1: Premature end of file.
2026-01-24 13:40:33,839 [ERROR] LogOutputStream:75 - [STDERR_REDIRECT] 
2026-01-24 13:40:34,784 [ERROR] LogOutputStream:75 - [STDERR_REDIRECT] [Fatal Error] :1:1: Premature end of file.
2026-01-24 13:40:34,784 [ERROR] LogOutputStream:75 - [STDERR_REDIRECT] 
2026-01-24 13:40:35,813 [ERROR] LogOutputStream:75 - [STDERR_REDIRECT] [Fatal Error] :1:1: Premature end of file.
2026-01-24 13:40:35,813 [ERROR] LogOutputStream:75 - [STDERR_REDIRECT] 
2026-01-24 13:40:36,782 [ERROR] LogOutputStream:75 - [STDERR_REDIRECT] [Fatal Error] :1:1: Premature end of file.
2026-01-24 13:40:36,782 [ERROR] LogOutputStream:75 - [STDERR_REDIRECT] 
2026-01-24 13:40:37,820 [ERROR] LogOutputStream:75 - [STDERR_REDIRECT] [Fatal Error] :1:1: Premature end of file.
2026-01-24 13:40:37,820 [ERROR] LogOutputStream:75 - [STDERR_REDIRECT] 
2026-01-24 13:40:38,780 [ERROR] LogOutputStream:75 - [STDERR_REDIRECT] [Fatal Error] :1:1: Premature end of file.
2026-01-24 13:40:38,780 [ERROR] LogOutputStream:75 - [STDERR_REDIRECT] 
2026-01-24 13:40:39,806 [ERROR] LogOutputStream:75 - [STDERR_REDIRECT] [Fatal Error] :1:1: Premature end of file.
2026-01-24 13:40:39,806 [ERROR] LogOutputStream:75 - [STDERR_REDIRECT] 
2026-01-24 13:40:40,865 [ERROR] LogOutputStream:75 - [STDERR_REDIRECT] [Fatal Error] :1:1: Premature end of file.
2026-01-24 13:40:40,866 [ERROR] LogOutputStream:75 - [STDERR_REDIRECT] 
2026-01-24 13:40:41,796 [ERROR] LogOutputStream:75 - [STDERR_REDIRECT] [Fatal Error] :1:1: Premature end of file.
2026-01-24 13:40:41,796 [ERROR] LogOutputStream:75 - [STDERR_REDIRECT] 
2026-01-24 13:40:42,818 [ERROR] LogOutputStream:75 - [STDERR_REDIRECT] [Fatal Error] :1:1: Premature end of file.
2026-01-24 13:40:42,818 [ERROR] LogOutputStream:75 - [STDERR_REDIRECT] 
2026-01-24 13:40:43,831 [ERROR] LogOutputStream:75 - [STDERR_REDIRECT] [Fatal Error] :1:1: Premature end of file.
2026-01-24 13:40:43,831 [ERROR] LogOutputStream:75 - [STDERR_REDIRECT] 
2026-01-24 13:40:44,779 [ERROR] LogOutputStream:75 - [STDERR_REDIRECT] [Fatal Error] :1:1: Premature end of file.
2026-01-24 13:40:44,780 [ERROR] LogOutputStream:75 - [STDERR_REDIRECT] 
2026-01-24 13:40:45,778 [ERROR] LogOutputStream:75 - [STDERR_REDIRECT] [Fatal Error] :1:1: Premature end of file.
2026-01-24 13:40:45,778 [ERROR] LogOutputStream:75 - [STDERR_REDIRECT] 
2026-01-24 13:40:46,778 [ERROR] LogOutputStream:75 - [STDERR_REDIRECT] [Fatal Error] :1:1: Premature end of file.
2026-01-24 13:40:46,778 [ERROR] LogOutputStream:75 - [STDERR_REDIRECT] 
2026-01-24 13:40:47,781 [ERROR] LogOutputStream:75 - [STDERR_REDIRECT] [Fatal Error] :1:1: Premature end of file.
2026-01-24 13:40:47,781 [ERROR] LogOutputStream:75 - [STDERR_REDIRECT] 
2026-01-24 13:40:48,791 [ERROR] LogOutputStream:75 - [STDERR_REDIRECT] [Fatal Error] :1:1: Premature end of file.
2026-01-24 13:40:48,791 [ERROR] LogOutputStream:75 - [STDERR_REDIRECT] 
2026-01-24 13:40:49,912 [ERROR] LogOutputStream:75 - [STDERR_REDIRECT] [Fatal Error] :1:1: Premature end of file.
2026-01-24 13:40:49,912 [ERROR] LogOutputStream:75 - [STDERR_REDIRECT] 
2026-01-24 13:40:52,009 [ERROR] LogOutputStream:75 - [STDERR_REDIRECT] [Fatal Error] :1:1: Premature end of file.
2026-01-24 13:40:52,009 [ERROR] LogOutputStream:75 - [STDERR_REDIRECT] 
2026-01-24 13:40:52,169 [ERROR] LogOutputStream:75 - [STDERR_REDIRECT] [Fatal Error] :1:1: Premature end of file.
2026-01-24 13:40:52,169 [ERROR] LogOutputStream:75 - [STDERR_REDIRECT] 
2026-01-24 13:40:53,809 [ERROR] LogOutputStream:75 - [STDERR_REDIRECT] [Fatal Error] :1:1: Premature end of file.
2026-01-24 13:40:53,809 [ERROR] LogOutputStream:75 - [STDERR_REDIRECT] 
2026-01-24 13:40:53,975 [ERROR] LogOutputStream:75 - [STDERR_REDIRECT] [Fatal Error] :1:1: Premature end of file.
2026-01-24 13:40:53,975 [ERROR] LogOutputStream:75 - [STDERR_REDIRECT] 
2026-01-24 13:40:54,811 [ERROR] LogOutputStream:75 - [STDERR_REDIRECT] [Fatal Error] :1:1: Premature end of file.
2026-01-24 13:40:54,811 [ERROR] LogOutputStream:75 - [STDERR_REDIRECT] 
2026-01-24 13:40:55,799 [ERROR] LogOutputStream:75 - [STDERR_REDIRECT] [Fatal Error] :1:1: Premature end of file.
2026-01-24 13:40:55,799 [ERROR] LogOutputStream:75 - [STDERR_REDIRECT] 
2026-01-24 13:40:56,828 [ERROR] LogOutputStream:75 - [STDERR_REDIRECT] [Fatal Error] :1:1: Premature end of file.
2026-01-24 13:40:56,828 [ERROR] LogOutputStream:75 - [STDERR_REDIRECT] 
2026-01-24 13:40:57,783 [ERROR] LogOutputStream:75 - [STDERR_REDIRECT] [Fatal Error] :1:1: Premature end of file.
2026-01-24 13:40:57,783 [ERROR] LogOutputStream:75 - [STDERR_REDIRECT] 
2026-01-24 13:40:58,782 [ERROR] LogOutputStream:75 - [STDERR_REDIRECT] [Fatal Error] :1:1: Premature end of file.
2026-01-24 13:40:58,782 [ERROR] LogOutputStream:75 - [STDERR_REDIRECT] 
2026-01-24 13:40:59,786 [ERROR] LogOutputStream:75 - [STDERR_REDIRECT] [Fatal Error] :1:1: Premature end of file.
2026-01-24 13:40:59,786 [ERROR] LogOutputStream:75 - [STDERR_REDIRECT] 
2026-01-24 13:41:00,787 [ERROR] LogOutputStream:75 - [STDERR_REDIRECT] [Fatal Error] :1:1: Premature end of file.
2026-01-24 13:41:00,787 [ERROR] LogOutputStream:75 - [STDERR_REDIRECT] 
2026-01-24 13:41:01,790 [ERROR] LogOutputStream:75 - [STDERR_REDIRECT] [Fatal Error] :1:1: Premature end of file.
2026-01-24 13:41:01,790 [ERROR] LogOutputStream:75 - [STDERR_REDIRECT] 
2026-01-24 13:41:02,784 [ERROR] LogOutputStream:75 - [STDERR_REDIRECT] [Fatal Error] :1:1: Premature end of file.
2026-01-24 13:41:02,784 [ERROR] LogOutputStream:75 - [STDERR_REDIRECT] 
2026-01-24 13:41:03,786 [ERROR] LogOutputStream:75 - [STDERR_REDIRECT] [Fatal Error] :1:1: Premature end of file.
2026-01-24 13:41:03,786 [ERROR] LogOutputStream:75 - [STDERR_REDIRECT] 
2026-01-24 13:41:04,783 [ERROR] LogOutputStream:75 - [STDERR_REDIRECT] [Fatal Error] :1:1: Premature end of file.
2026-01-24 13:41:04,783 [ERROR] LogOutputStream:75 - [STDERR_REDIRECT] 
2026-01-24 13:41:05,780 [ERROR] LogOutputStream:75 - [STDERR_REDIRECT] [Fatal Error] :1:1: Premature end of file.
2026-01-24 13:41:05,780 [ERROR] LogOutputStream:75 - [STDERR_REDIRECT] 
2026-01-24 13:41:06,809 [ERROR] LogOutputStream:75 - [STDERR_REDIRECT] [Fatal Error] :1:1: Premature end of file.
2026-01-24 13:41:06,809 [ERROR] LogOutputStream:75 - [STDERR_REDIRECT] 
2026-01-24 13:41:07,799 [ERROR] LogOutputStream:75 - [STDERR_REDIRECT] [Fatal Error] :1:1: Premature end of file.
2026-01-24 13:41:07,800 [ERROR] LogOutputStream:75 - [STDERR_REDIRECT] 
2026-01-24 13:41:08,777 [ERROR] LogOutputStream:75 - [STDERR_REDIRECT] [Fatal Error] :1:1: Premature end of file.
2026-01-24 13:41:08,777 [ERROR] LogOutputStream:75 - [STDERR_REDIRECT] 
2026-01-24 13:41:09,778 [ERROR] LogOutputStream:75 - [STDERR_REDIRECT] [Fatal Error] :1:1: Premature end of file.
2026-01-24 13:41:09,778 [ERROR] LogOutputStream:75 - [STDERR_REDIRECT] 
2026-01-24 13:41:10,783 [ERROR] LogOutputStream:75 - [STDERR_REDIRECT] [Fatal Error] :1:1: Premature end of file.
2026-01-24 13:41:10,783 [ERROR] LogOutputStream:75 - [STDERR_REDIRECT] 
2026-01-24 13:41:11,778 [ERROR] LogOutputStream:75 - [STDERR_REDIRECT] [Fatal Error] :1:1: Premature end of file.
2026-01-24 13:41:11,778 [ERROR] LogOutputStream:75 - [STDERR_REDIRECT] 
2026-01-24 13:41:12,811 [ERROR] LogOutputStream:75 - [STDERR_REDIRECT] [Fatal Error] :1:1: Premature end of file.
2026-01-24 13:41:12,811 [ERROR] LogOutputStream:75 - [STDERR_REDIRECT] 
2026-01-24 13:41:13,801 [ERROR] LogOutputStream:75 - [STDERR_REDIRECT] [Fatal Error] :1:1: Premature end of file.
2026-01-24 13:41:13,801 [ERROR] LogOutputStream:75 - [STDERR_REDIRECT] 
2026-01-24 13:41:14,783 [ERROR] LogOutputStream:75 - [STDERR_REDIRECT] [Fatal Error] :1:1: Premature end of file.
2026-01-24 13:41:14,783 [ERROR] LogOutputStream:75 - [STDERR_REDIRECT] 
2026-01-24 13:41:15,778 [ERROR] LogOutputStream:75 - [STDERR_REDIRECT] [Fatal Error] :1:1: Premature end of file.
2026-01-24 13:41:15,778 [ERROR] LogOutputStream:75 - [STDERR_REDIRECT] 
2026-01-24 13:41:16,794 [ERROR] LogOutputStream:75 - [STDERR_REDIRECT] [Fatal Error] :1:1: Premature end of file.
2026-01-24 13:41:16,794 [ERROR] LogOutputStream:75 - [STDERR_REDIRECT] 
2026-01-24 13:41:17,786 [ERROR] LogOutputStream:75 - [STDERR_REDIRECT] [Fatal Error] :1:1: Premature end of file.
2026-01-24 13:41:17,786 [ERROR] LogOutputStream:75 - [STDERR_REDIRECT] 
2026-01-24 13:41:18,781 [ERROR] LogOutputStream:75 - [STDERR_REDIRECT] [Fatal Error] :1:1: Premature end of file.
2026-01-24 13:41:18,782 [ERROR] LogOutputStream:75 - [STDERR_REDIRECT] 
2026-01-24 13:41:19,790 [ERROR] LogOutputStream:75 - [STDERR_REDIRECT] [Fatal Error] :1:1: Premature end of file.
2026-01-24 13:41:19,790 [ERROR] LogOutputStream:75 - [STDERR_REDIRECT] 
2026-01-24 13:41:20,784 [ERROR] LogOutputStream:75 - [STDERR_REDIRECT] [Fatal Error] :1:1: Premature end of file.
2026-01-24 13:41:20,784 [ERROR] LogOutputStream:75 - [STDERR_REDIRECT] 
2026-01-24 13:41:21,861 [ERROR] LogOutputStream:75 - [STDERR_REDIRECT] [Fatal Error] :1:1: Premature end of file.
2026-01-24 13:41:21,861 [ERROR] LogOutputStream:75 - [STDERR_REDIRECT] 
2026-01-24 13:41:22,781 [ERROR] LogOutputStream:75 - [STDERR_REDIRECT] [Fatal Error] :1:1: Premature end of file.
2026-01-24 13:41:22,781 [ERROR] LogOutputStream:75 - [STDERR_REDIRECT] 
2026-01-24 13:41:23,780 [ERROR] LogOutputStream:75 - [STDERR_REDIRECT] [Fatal Error] :1:1: Premature end of file.
2026-01-24 13:41:23,781 [ERROR] LogOutputStream:75 - [STDERR_REDIRECT] 
2026-01-24 13:41:24,775 [ERROR] LogOutputStream:75 - [STDERR_REDIRECT] [Fatal Error] :1:1: Premature end of file.
2026-01-24 13:41:24,775 [ERROR] LogOutputStream:75 - [STDERR_REDIRECT] 
2026-01-24 13:41:25,797 [ERROR] LogOutputStream:75 - [STDERR_REDIRECT] [Fatal Error] :1:1: Premature end of file.
2026-01-24 13:41:25,797 [ERROR] LogOutputStream:75 - [STDERR_REDIRECT] 
2026-01-24 13:41:26,811 [ERROR] LogOutputStream:75 - [STDERR_REDIRECT] [Fatal Error] :1:1: Premature end of file.
2026-01-24 13:41:26,811 [ERROR] LogOutputStream:75 - [STDERR_REDIRECT] 
2026-01-24 13:41:27,780 [ERROR] LogOutputStream:75 - [STDERR_REDIRECT] [Fatal Error] :1:1: Premature end of file.
2026-01-24 13:41:27,780 [ERROR] LogOutputStream:75 - [STDERR_REDIRECT] 
2026-01-24 13:41:28,790 [ERROR] LogOutputStream:75 - [STDERR_REDIRECT] [Fatal Error] :1:1: Premature end of file.
2026-01-24 13:41:28,790 [ERROR] LogOutputStream:75 - [STDERR_REDIRECT] 
2026-01-24 13:41:29,782 [ERROR] LogOutputStream:75 - [STDERR_REDIRECT] [Fatal Error] :1:1: Premature end of file.
2026-01-24 13:41:29,782 [ERROR] LogOutputStream:75 - [STDERR_REDIRECT] 
2026-01-24 13:41:30,781 [ERROR] LogOutputStream:75 - [STDERR_REDIRECT] [Fatal Error] :1:1: Premature end of file.
2026-01-24 13:41:30,781 [ERROR] LogOutputStream:75 - [STDERR_REDIRECT] 
2026-01-24 13:41:31,776 [ERROR] LogOutputStream:75 - [STDERR_REDIRECT] [Fatal Error] :1:1: Premature end of file.
2026-01-24 13:41:31,776 [ERROR] LogOutputStream:75 - [STDERR_REDIRECT] 
2026-01-24 13:41:32,780 [ERROR] LogOutputStream:75 - [STDERR_REDIRECT] [Fatal Error] :1:1: Premature end of file.
2026-01-24 13:41:32,780 [ERROR] LogOutputStream:75 - [STDERR_REDIRECT] 
2026-01-24 13:41:33,779 [ERROR] LogOutputStream:75 - [STDERR_REDIRECT] [Fatal Error] :1:1: Premature end of file.
2026-01-24 13:41:33,779 [ERROR] LogOutputStream:75 - [STDERR_REDIRECT] 
2026-01-24 13:41:34,775 [ERROR] LogOutputStream:75 - [STDERR_REDIRECT] [Fatal Error] :1:1: Premature end of file.
2026-01-24 13:41:34,775 [ERROR] LogOutputStream:75 - [STDERR_REDIRECT] 
2026-01-24 13:41:35,778 [ERROR] LogOutputStream:75 - [STDERR_REDIRECT] [Fatal Error] :1:1: Premature end of file.
2026-01-24 13:41:35,778 [ERROR] LogOutputStream:75 - [STDERR_REDIRECT] 
2026-01-24 13:41:36,776 [ERROR] LogOutputStream:75 - [STDERR_REDIRECT] [Fatal Error] :1:1: Premature end of file.
2026-01-24 13:41:36,776 [ERROR] LogOutputStream:75 - [STDERR_REDIRECT] 
2026-01-24 13:41:37,777 [ERROR] LogOutputStream:75 - [STDERR_REDIRECT] [Fatal Error] :1:1: Premature end of file.
2026-01-24 13:41:37,777 [ERROR] LogOutputStream:75 - [STDERR_REDIRECT] 
2026-01-24 13:41:38,790 [ERROR] LogOutputStream:75 - [STDERR_REDIRECT] [Fatal Error] :1:1: Premature end of file.
2026-01-24 13:41:38,790 [ERROR] LogOutputStream:75 - [STDERR_REDIRECT] 
2026-01-24 13:41:39,776 [ERROR] LogOutputStream:75 - [STDERR_REDIRECT] [Fatal Error] :1:1: Premature end of file.
2026-01-24 13:41:39,776 [ERROR] LogOutputStream:75 - [STDERR_REDIRECT] 
2026-01-24 13:41:40,776 [ERROR] LogOutputStream:75 - [STDERR_REDIRECT] [Fatal Error] :1:1: Premature end of file.
2026-01-24 13:41:40,776 [ERROR] LogOutputStream:75 - [STDERR_REDIRECT] 
2026-01-24 13:41:41,786 [ERROR] LogOutputStream:75 - [STDERR_REDIRECT] [Fatal Error] :1:1: Premature end of file.
2026-01-24 13:41:41,786 [ERROR] LogOutputStream:75 - [STDERR_REDIRECT] 
2026-01-24 13:41:42,941 [ERROR] LogOutputStream:75 - [STDERR_REDIRECT] [Fatal Error] :1:1: Premature end of file.
2026-01-24 13:41:42,941 [ERROR] LogOutputStream:75 - [STDERR_REDIRECT] 
2026-01-24 13:41:43,854 [ERROR] LogOutputStream:75 - [STDERR_REDIRECT] [Fatal Error] :1:1: Premature end of file.
2026-01-24 13:41:43,854 [ERROR] LogOutputStream:75 - [STDERR_REDIRECT] 
2026-01-24 13:41:44,777 [ERROR] LogOutputStream:75 - [STDERR_REDIRECT] [Fatal Error] :1:1: Premature end of file.
2026-01-24 13:41:44,777 [ERROR] LogOutputStream:75 - [STDERR_REDIRECT] 
2026-01-24 13:41:45,806 [ERROR] LogOutputStream:75 - [STDERR_REDIRECT] [Fatal Error] :1:1: Premature end of file.
2026-01-24 13:41:45,806 [ERROR] LogOutputStream:75 - [STDERR_REDIRECT] 
2026-01-24 13:41:46,815 [ERROR] LogOutputStream:75 - [STDERR_REDIRECT] [Fatal Error] :1:1: Premature end of file.
2026-01-24 13:41:46,816 [ERROR] LogOutputStream:75 - [STDERR_REDIRECT] 
2026-01-24 13:41:47,778 [ERROR] LogOutputStream:75 - [STDERR_REDIRECT] [Fatal Error] :1:1: Premature end of file.
2026-01-24 13:41:47,778 [ERROR] LogOutputStream:75 - [STDERR_REDIRECT] 
2026-01-24 13:41:48,780 [ERROR] LogOutputStream:75 - [STDERR_REDIRECT] [Fatal Error] :1:1: Premature end of file.
2026-01-24 13:41:48,780 [ERROR] LogOutputStream:75 - [STDERR_REDIRECT] 
2026-01-24 13:41:49,778 [ERROR] LogOutputStream:75 - [STDERR_REDIRECT] [Fatal Error] :1:1: Premature end of file.
2026-01-24 13:41:49,778 [ERROR] LogOutputStream:75 - [STDERR_REDIRECT] 
2026-01-24 13:41:50,778 [ERROR] LogOutputStream:75 - [STDERR_REDIRECT] [Fatal Error] :1:1: Premature end of file.
2026-01-24 13:41:50,778 [ERROR] LogOutputStream:75 - [STDERR_REDIRECT] 
2026-01-24 13:41:51,776 [ERROR] LogOutputStream:75 - [STDERR_REDIRECT] [Fatal Error] :1:1: Premature end of file.
2026-01-24 13:41:51,776 [ERROR] LogOutputStream:75 - [STDERR_REDIRECT] 
2026-01-24 13:41:52,775 [ERROR] LogOutputStream:75 - [STDERR_REDIRECT] [Fatal Error] :1:1: Premature end of file.
2026-01-24 13:41:52,775 [ERROR] LogOutputStream:75 - [STDERR_REDIRECT] 
2026-01-24 13:41:53,777 [ERROR] LogOutputStream:75 - [STDERR_REDIRECT] [Fatal Error] :1:1: Premature end of file.
2026-01-24 13:41:53,777 [ERROR] LogOutputStream:75 - [STDERR_REDIRECT] 
2026-01-24 13:41:54,775 [ERROR] LogOutputStream:75 - [STDERR_REDIRECT] [Fatal Error] :1:1: Premature end of file.
2026-01-24 13:41:54,775 [ERROR] LogOutputStream:75 - [STDERR_REDIRECT] 
2026-01-24 13:41:55,774 [ERROR] LogOutputStream:75 - [STDERR_REDIRECT] [Fatal Error] :1:1: Premature end of file.
2026-01-24 13:41:55,774 [ERROR] LogOutputStream:75 - [STDERR_REDIRECT] 
2026-01-24 13:41:56,822 [ERROR] LogOutputStream:75 - [STDERR_REDIRECT] [Fatal Error] :1:1: Premature end of file.
2026-01-24 13:41:56,822 [ERROR] LogOutputStream:75 - [STDERR_REDIRECT] 
2026-01-24 13:41:57,806 [ERROR] LogOutputStream:75 - [STDERR_REDIRECT] [Fatal Error] :1:1: Premature end of file.
2026-01-24 13:41:57,806 [ERROR] LogOutputStream:75 - [STDERR_REDIRECT] 
2026-01-24 13:41:58,796 [ERROR] LogOutputStream:75 - [STDERR_REDIRECT] [Fatal Error] :1:1: Premature end of file.
2026-01-24 13:41:58,796 [ERROR] LogOutputStream:75 - [STDERR_REDIRECT] 
2026-01-24 13:41:59,824 [ERROR] LogOutputStream:75 - [STDERR_REDIRECT] [Fatal Error] :1:1: Premature end of file.
2026-01-24 13:41:59,824 [ERROR] LogOutputStream:75 - [STDERR_REDIRECT] 
2026-01-24 13:42:01,570 [ERROR] LogOutputStream:75 - [STDERR_REDIRECT] [Fatal Error] :1:1: Premature end of file.
2026-01-24 13:42:01,570 [ERROR] LogOutputStream:75 - [STDERR_REDIRECT] 
2026-01-24 13:42:01,797 [ERROR] LogOutputStream:75 - [STDERR_REDIRECT] [Fatal Error] :1:1: Premature end of file.
2026-01-24 13:42:01,797 [ERROR] LogOutputStream:75 - [STDERR_REDIRECT] 
2026-01-24 13:42:02,780 [ERROR] LogOutputStream:75 - [STDERR_REDIRECT] [Fatal Error] :1:1: Premature end of file.
2026-01-24 13:42:02,780 [ERROR] LogOutputStream:75 - [STDERR_REDIRECT] 
2026-01-24 13:42:03,782 [ERROR] LogOutputStream:75 - [STDERR_REDIRECT] [Fatal Error] :1:1: Premature end of file.
2026-01-24 13:42:03,782 [ERROR] LogOutputStream:75 - [STDERR_REDIRECT] 
2026-01-24 13:42:04,777 [ERROR] LogOutputStream:75 - [STDERR_REDIRECT] [Fatal Error] :1:1: Premature end of file.
2026-01-24 13:42:04,777 [ERROR] LogOutputStream:75 - [STDERR_REDIRECT] 
2026-01-24 13:42:05,785 [ERROR] LogOutputStream:75 - [STDERR_REDIRECT] [Fatal Error] :1:1: Premature end of file.
2026-01-24 13:42:05,785 [ERROR] LogOutputStream:75 - [STDERR_REDIRECT] 
2026-01-24 13:42:06,820 [ERROR] LogOutputStream:75 - [STDERR_REDIRECT] [Fatal Error] :1:1: Premature end of file.
2026-01-24 13:42:06,820 [ERROR] LogOutputStream:75 - [STDERR_REDIRECT] 
2026-01-24 13:42:07,778 [ERROR] LogOutputStream:75 - [STDERR_REDIRECT] [Fatal Error] :1:1: Premature end of file.
2026-01-24 13:42:07,778 [ERROR] LogOutputStream:75 - [STDERR_REDIRECT] 
2026-01-24 13:42:08,818 [ERROR] LogOutputStream:75 - [STDERR_REDIRECT] [Fatal Error] :1:1: Premature end of file.
2026-01-24 13:42:08,818 [ERROR] LogOutputStream:75 - [STDERR_REDIRECT] 
2026-01-24 13:42:09,777 [ERROR] LogOutputStream:75 - [STDERR_REDIRECT] [Fatal Error] :1:1: Premature end of file.
2026-01-24 13:42:09,777 [ERROR] LogOutputStream:75 - [STDERR_REDIRECT] 
2026-01-24 13:42:10,858 [ERROR] LogOutputStream:75 - [STDERR_REDIRECT] [Fatal Error] :1:1: Premature end of file.
2026-01-24 13:42:10,858 [ERROR] LogOutputStream:75 - [STDERR_REDIRECT] 
2026-01-24 13:42:11,775 [ERROR] LogOutputStream:75 - [STDERR_REDIRECT] [Fatal Error] :1:1: Premature end of file.
2026-01-24 13:42:11,775 [ERROR] LogOutputStream:75 - [STDERR_REDIRECT] 
2026-01-24 13:42:12,781 [ERROR] LogOutputStream:75 - [STDERR_REDIRECT] [Fatal Error] :1:1: Premature end of file.
2026-01-24 13:42:12,781 [ERROR] LogOutputStream:75 - [STDERR_REDIRECT] 
2026-01-24 13:42:13,783 [ERROR] LogOutputStream:75 - [STDERR_REDIRECT] [Fatal Error] :1:1: Premature end of file.
2026-01-24 13:42:13,783 [ERROR] LogOutputStream:75 - [STDERR_REDIRECT] 
2026-01-24 13:42:14,837 [ERROR] LogOutputStream:75 - [STDERR_REDIRECT] [Fatal Error] :1:1: Premature end of file.
2026-01-24 13:42:14,837 [ERROR] LogOutputStream:75 - [STDERR_REDIRECT] 
2026-01-24 13:42:15,927 [ERROR] LogOutputStream:75 - [STDERR_REDIRECT] [Fatal Error] :1:1: Premature end of file.
2026-01-24 13:42:15,927 [ERROR] LogOutputStream:75 - [STDERR_REDIRECT] 
