Removed Pin From Net: NetName=NRST Pin=C2-2
Removed Pin From Net: NetName=NRST Pin=J4-1
Removed Pin From Net: NetName=NRST Pin=R2-1
Added Pin To Net: NetName=VCC Pin=U1-8
Added Pin To Net: NetName=VCC Pin=U1-20
Added Pin To Net: NetName=GND Pin=U1-22
Added Pin To Net: NetName=VCC Pin=U1-23
Added Pin To Net: NetName=VCC Pin=U1-31
Added Pin To Net: NetName=GND Pin=U1-32
Added Pin To Net: NetName=VCC Pin=U1-33
Added Pin To Net: NetName=VCC Pin=U1-34
Added Pin To Net: NetName=VCC Pin=U1-35
Added Pin To Net: NetName=VCC Pin=U1-40
Added Pin To Net: NetName=VCC Pin=U1-48
Added Pin To Net: NetName=GND Pin=U1-49
Added Pin To Net: NetName=GND Pin=Y1-2
Added Pin To Net: NetName=BOOT0 Pin=C2-2
Added Pin To Net: NetName=BOOT0 Pin=J4-1
Added Pin To Net: NetName=BOOT0 Pin=R2-1
Added Pin To Net: NetName=BOOT0 Pin=U1-4
Added Net: Name=BOOT0
