Removed Member From Class: ClassName=Sensors Member=U?
Change Component Designator: OldDesignator=U? NewDesignator=U1
Change Component Designator: OldDesignator=U? NewDesignator=U2
Added Component: Designator=U3(MSI-MS561101BA03-50-8_V)
Add component (AddParameter): Name = "Connection Size"; Value = "0.5mm"; VariantName = "[No Variations]"
Add component (AddParameter): Name = "Datasheet URL"; Value = "http://www.te.com/commerce/DocumentDelivery/DDEController?Action=srchrtrv&DocNm=MS5611-01BA03&DocType=Data+Sheet&DocLang=English&DocFormat=pdf&PartCntxt=CAT-BLPS0036"; VariantName = "[No Variations]"
Add component (AddParameter): Name = "Datasheet Version"; Value = "Sep-15"; VariantName = "[No Variations]"
Add component (AddParameter): Name = "Manufacturer"; Value = "Measurement Specialties"; VariantName = "[No Variations]"
Add component (AddParameter): Name = "Manufacturer URL"; Value = "http://www.meas-spec.com/"; VariantName = "[No Variations]"
Add component (AddParameter): Name = "No. of Pins"; Value = "8"; VariantName = "[No Variations]"
Add component (AddParameter): Name = "Operating Pressure Max"; Value = "1200mbar"; VariantName = "[No Variations]"
Add component (AddParameter): Name = "Operating Pressure Min"; Value = "10mbar"; VariantName = "[No Variations]"
Add component (AddParameter): Name = "Operating Temperature Max"; Value = "85degC"; VariantName = "[No Variations]"
Add component (AddParameter): Name = "Operating Temperature Min"; Value = "-40degC"; VariantName = "[No Variations]"
Add component (AddParameter): Name = "Package Description"; Value = "8-Pin Surface Mount Device, Body 5 x 3 mm, Pitch 1.25 mm"; VariantName = "[No Variations]"
Add component (AddParameter): Name = "Package Reference"; Value = "MS561101BA03-50-8"; VariantName = "[No Variations]"
Add component (AddParameter): Name = "Pressure Type"; Value = "Barometric"; VariantName = "[No Variations]"
Add component (AddParameter): Name = "Sensor Case Style"; Value = "QFN"; VariantName = "[No Variations]"
Add component (AddParameter): Name = "Supply Current"; Value = "12.5µA"; VariantName = "[No Variations]"
Add component (AddParameter): Name = "Supply Voltage Max"; Value = "3.6V"; VariantName = "[No Variations]"
Add component (AddParameter): Name = "Supply Voltage Min"; Value = "1.8V"; VariantName = "[No Variations]"
Add component (AddParameter): Name = "SVHC"; Value = "NoSVHC(20-Jun-2013)"; VariantName = "[No Variations]"
Added Member To Class: ClassName=Sensors Member=Component U2 BMI088
Added Member To Class: ClassName=Sensors Member=Component U3 MS561101BA03-50
