Added Component: Designator=ANT?(FP-AMCA31-MFG)
Add component (AddParameter): Name = "Automotive"; Value = "No"; VariantName = "[No Variations]"
Add component (AddParameter): Name = "Bandwidth"; Value = "100MHz"; VariantName = "[No Variations]"
Add component (AddParameter): Name = "Category"; Value = "Ant"; VariantName = "[No Variations]"
Add component (AddParameter): Name = "ComponentLink2Description"; Value = "Datasheet"; VariantName = "[No Variations]"
Add component (AddParameter): Name = "ComponentLink2URL"; Value = "https://abracon.com/chip-antenna/AMCA31-2R450G-S1F-T3.pdf"; VariantName = "[No Variations]"
Add component (AddParameter): Name = "Device Class L1"; Value = "Integrated Circuits (ICs)"; VariantName = "[No Variations]"
Add component (AddParameter): Name = "Device Class L2"; Value = "RF Semiconductors and Devices"; VariantName = "[No Variations]"
Add component (AddParameter): Name = "Device Class L3"; Value = "RF Antennas"; VariantName = "[No Variations]"
Add component (AddParameter): Name = "Digikey Description"; Value = "RF ANT 2.4GHZ CHIP SOLDER SMD"; VariantName = "[No Variations]"
Add component (AddParameter): Name = "Height"; Value = "1.4mm"; VariantName = "[No Variations]"
Add component (AddParameter): Name = "Impedance"; Value = "50O"; VariantName = "[No Variations]"
Add component (AddParameter): Name = "Lead Free"; Value = "Yes"; VariantName = "[No Variations]"
Add component (AddParameter): Name = "Manufacturer"; Value = "Abracon"; VariantName = "[No Variations]"
Add component (AddParameter): Name = "Manufacturer Part Number"; Value = "AMCA31-2R450G-S1F-T3"; VariantName = "[No Variations]"
Add component (AddParameter): Name = "Max Frequency"; Value = "2450MHz"; VariantName = "[No Variations]"
Add component (AddParameter): Name = "Mouser Description"; Value = "Antennas 2.45GHz BW 90dB + Gain -1 dBi avg."; VariantName = "[No Variations]"
Add component (AddParameter): Name = "Number Of Bands"; Value = "1"; VariantName = "[No Variations]"
Add component (AddParameter): Name = "Octopart"; Value = "https://octopart.com/amca31-2r450g-s1f-t3-abracon-31435383"; VariantName = "[No Variations]"
Add component (AddParameter): Name = "Package"; Value = "AMCA31"; VariantName = "[No Variations]"
Add component (AddParameter): Name = "Power Rating"; Value = "3W"; VariantName = "[No Variations]"
Add component (AddParameter): Name = "RoHS"; Value = "TRUE"; VariantName = "[No Variations]"
Add component (AddParameter): Name = "Temperature"; Value = "-40°C to +85°C"; VariantName = "[No Variations]"
Add component (AddParameter): Name = "Temperature Range High"; Value = "+85°C"; VariantName = "[No Variations]"
Add component (AddParameter): Name = "Temperature Range Low"; Value = "-40°C"; VariantName = "[No Variations]"
Added Component: Designator=Y1(X1E000021016312)
Add component (AddParameter): Name = "Arrow Part Number"; Value = ""; VariantName = "[No Variations]"
Add component (AddParameter): Name = "Arrow Price/Stock"; Value = ""; VariantName = "[No Variations]"
Add component (AddParameter): Name = "Datasheet Link"; Value = ""; VariantName = "[No Variations]"
Add component (AddParameter): Name = "Height"; Value = "0.6mm"; VariantName = "[No Variations]"
Add component (AddParameter): Name = "Manufacturer_Name"; Value = "Epson Timing"; VariantName = "[No Variations]"
Add component (AddParameter): Name = "Manufacturer_Part_Number"; Value = "X1E000021016312"; VariantName = "[No Variations]"
Add component (AddParameter): Name = "Mouser Part Number"; Value = ""; VariantName = "[No Variations]"
Add component (AddParameter): Name = "Mouser Price/Stock"; Value = ""; VariantName = "[No Variations]"
Added Member To Class: ClassName=Microcontroller Member=Component ANT? AMCA31-2R450G-S1F-T3
Added Member To Class: ClassName=Power Member=Component J1 1725669
Added Member To Class: ClassName=Microcontroller Member=Component Y1 X1E000021016312
